{"C:\\Users\\Subhajit Dey\\OneDrive\\Desktop\\crm-app\\crm-app\\16. Testing CRM App 3(8th Jan 2023)\\app.js": {"path":"C:\\Users\\Subhajit Dey\\OneDrive\\Desktop\\crm-app\\crm-app\\16. Testing CRM App 3(8th Jan 2023)\\app.js","statementMap":{"0":{"start":{"line":1,"column":17},"end":{"line":1,"column":47}},"1":{"start":{"line":2,"column":17},"end":{"line":2,"column":36}},"2":{"start":{"line":3,"column":23},"end":{"line":3,"column":63}},"3":{"start":{"line":4,"column":16},"end":{"line":4,"column":34}},"4":{"start":{"line":5,"column":13},"end":{"line":5,"column":43}},"5":{"start":{"line":6,"column":12},"end":{"line":6,"column":21}},"6":{"start":{"line":7,"column":15},"end":{"line":7,"column":34}},"7":{"start":{"line":8,"column":18},"end":{"line":8,"column":46}},"8":{"start":{"line":10,"column":15},"end":{"line":10,"column":54}},"9":{"start":{"line":12,"column":4},"end":{"line":15,"column":5}},"10":{"start":{"line":13,"column":8},"end":{"line":13,"column":55}},"11":{"start":{"line":14,"column":8},"end":{"line":14,"column":14}},"12":{"start":{"line":17,"column":4},"end":{"line":29,"column":5}},"13":{"start":{"line":18,"column":19},"end":{"line":25,"column":10}},"14":{"start":{"line":26,"column":8},"end":{"line":26,"column":25}},"15":{"start":{"line":28,"column":8},"end":{"line":28,"column":32}},"16":{"start":{"line":32,"column":0},"end":{"line":32,"column":33}},"17":{"start":{"line":33,"column":0},"end":{"line":33,"column":23}},"18":{"start":{"line":35,"column":11},"end":{"line":35,"column":30}},"19":{"start":{"line":36,"column":0},"end":{"line":36,"column":56}},"20":{"start":{"line":36,"column":21},"end":{"line":36,"column":55}},"21":{"start":{"line":37,"column":0},"end":{"line":40,"column":2}},"22":{"start":{"line":38,"column":4},"end":{"line":38,"column":40}},"23":{"start":{"line":39,"column":4},"end":{"line":39,"column":10}},"24":{"start":{"line":42,"column":0},"end":{"line":42,"column":36}},"25":{"start":{"line":43,"column":0},"end":{"line":43,"column":36}},"26":{"start":{"line":44,"column":0},"end":{"line":44,"column":38}},"27":{"start":{"line":46,"column":0},"end":{"line":46,"column":42}},"28":{"start":{"line":46,"column":27},"end":{"line":46,"column":41}},"29":{"start":{"line":48,"column":0},"end":{"line":48,"column":83}},"30":{"start":{"line":48,"column":40},"end":{"line":48,"column":82}}},"fnMap":{"0":{"name":"init","decl":{"start":{"line":9,"column":15},"end":{"line":9,"column":19}},"loc":{"start":{"line":9,"column":22},"end":{"line":30,"column":1}},"line":9},"1":{"name":"(anonymous_1)","decl":{"start":{"line":36,"column":15},"end":{"line":36,"column":16}},"loc":{"start":{"line":36,"column":21},"end":{"line":36,"column":55}},"line":36},"2":{"name":"(anonymous_2)","decl":{"start":{"line":37,"column":16},"end":{"line":37,"column":17}},"loc":{"start":{"line":37,"column":22},"end":{"line":40,"column":1}},"line":37},"3":{"name":"(anonymous_3)","decl":{"start":{"line":46,"column":13},"end":{"line":46,"column":14}},"loc":{"start":{"line":46,"column":27},"end":{"line":46,"column":41}},"line":46},"4":{"name":"(anonymous_4)","decl":{"start":{"line":48,"column":34},"end":{"line":48,"column":35}},"loc":{"start":{"line":48,"column":40},"end":{"line":48,"column":82}},"line":48}},"branchMap":{"0":{"loc":{"start":{"line":12,"column":4},"end":{"line":15,"column":5}},"type":"if","locations":[{"start":{"line":12,"column":4},"end":{"line":15,"column":5}},{"start":{},"end":{}}],"line":12}},"s":{"0":3,"1":3,"2":3,"3":3,"4":3,"5":3,"6":3,"7":3,"8":3,"9":3,"10":0,"11":0,"12":3,"13":3,"14":3,"15":0,"16":3,"17":3,"18":3,"19":3,"20":0,"21":3,"22":3,"23":3,"24":3,"25":3,"26":3,"27":3,"28":0,"29":3,"30":3},"f":{"0":3,"1":0,"2":3,"3":0,"4":3},"b":{"0":[0,3]},"_coverageSchema":"1a1c01bbd47fc00a2c39e90264f33305004495a9","hash":"825332b6b69bdf90d83beb2034c0c8a2759bf0bb"}
,"C:\\Users\\Subhajit Dey\\OneDrive\\Desktop\\crm-app\\crm-app\\16. Testing CRM App 3(8th Jan 2023)\\configs\\auth.config.js": {"path":"C:\\Users\\Subhajit Dey\\OneDrive\\Desktop\\crm-app\\crm-app\\16. Testing CRM App 3(8th Jan 2023)\\configs\\auth.config.js","statementMap":{"0":{"start":{"line":1,"column":0},"end":{"line":3,"column":1}}},"fnMap":{},"branchMap":{},"s":{"0":4},"f":{},"b":{},"_coverageSchema":"1a1c01bbd47fc00a2c39e90264f33305004495a9","hash":"f720fd702ded328fe615c3f221371978f01c9baf"}
,"C:\\Users\\Subhajit Dey\\OneDrive\\Desktop\\crm-app\\crm-app\\16. Testing CRM App 3(8th Jan 2023)\\configs\\db.config.js": {"path":"C:\\Users\\Subhajit Dey\\OneDrive\\Desktop\\crm-app\\crm-app\\16. Testing CRM App 3(8th Jan 2023)\\configs\\db.config.js","statementMap":{"0":{"start":{"line":1,"column":0},"end":{"line":4,"column":1}}},"fnMap":{},"branchMap":{},"s":{"0":3},"f":{},"b":{},"_coverageSchema":"1a1c01bbd47fc00a2c39e90264f33305004495a9","hash":"5562c50540c6bafacd31de384f78e44f5ca65dab"}
,"C:\\Users\\Subhajit Dey\\OneDrive\\Desktop\\crm-app\\crm-app\\16. Testing CRM App 3(8th Jan 2023)\\controllers\\auth.controller.js": {"path":"C:\\Users\\Subhajit Dey\\OneDrive\\Desktop\\crm-app\\crm-app\\16. Testing CRM App 3(8th Jan 2023)\\controllers\\auth.controller.js","statementMap":{"0":{"start":{"line":1,"column":13},"end":{"line":1,"column":44}},"1":{"start":{"line":2,"column":22},"end":{"line":2,"column":51}},"2":{"start":{"line":3,"column":18},"end":{"line":3,"column":47}},"3":{"start":{"line":4,"column":15},"end":{"line":4,"column":34}},"4":{"start":{"line":5,"column":12},"end":{"line":5,"column":35}},"5":{"start":{"line":6,"column":15},"end":{"line":6,"column":48}},"6":{"start":{"line":9,"column":0},"end":{"line":45,"column":1}},"7":{"start":{"line":12,"column":4},"end":{"line":17,"column":5}},"8":{"start":{"line":14,"column":8},"end":{"line":14,"column":49}},"9":{"start":{"line":16,"column":8},"end":{"line":16,"column":50}},"10":{"start":{"line":19,"column":4},"end":{"line":19,"column":20}},"11":{"start":{"line":20,"column":20},"end":{"line":27,"column":5}},"12":{"start":{"line":29,"column":4},"end":{"line":44,"column":5}},"13":{"start":{"line":30,"column":28},"end":{"line":30,"column":54}},"14":{"start":{"line":31,"column":28},"end":{"line":37,"column":9}},"15":{"start":{"line":38,"column":8},"end":{"line":38,"column":41}},"16":{"start":{"line":40,"column":8},"end":{"line":40,"column":75}},"17":{"start":{"line":41,"column":8},"end":{"line":43,"column":10}},"18":{"start":{"line":47,"column":0},"end":{"line":89,"column":1}},"19":{"start":{"line":48,"column":17},"end":{"line":48,"column":64}},"20":{"start":{"line":49,"column":4},"end":{"line":49,"column":44}},"21":{"start":{"line":51,"column":4},"end":{"line":56,"column":5}},"22":{"start":{"line":52,"column":8},"end":{"line":54,"column":10}},"23":{"start":{"line":55,"column":8},"end":{"line":55,"column":14}},"24":{"start":{"line":58,"column":4},"end":{"line":63,"column":5}},"25":{"start":{"line":59,"column":8},"end":{"line":61,"column":10}},"26":{"start":{"line":62,"column":8},"end":{"line":62,"column":14}},"27":{"start":{"line":65,"column":26},"end":{"line":68,"column":5}},"28":{"start":{"line":70,"column":4},"end":{"line":75,"column":5}},"29":{"start":{"line":71,"column":8},"end":{"line":73,"column":10}},"30":{"start":{"line":74,"column":8},"end":{"line":74,"column":14}},"31":{"start":{"line":77,"column":16},"end":{"line":79,"column":6}},"32":{"start":{"line":81,"column":4},"end":{"line":88,"column":6}}},"fnMap":{"0":{"name":"(anonymous_0)","decl":{"start":{"line":9,"column":17},"end":{"line":9,"column":18}},"loc":{"start":{"line":9,"column":37},"end":{"line":45,"column":1}},"line":9},"1":{"name":"(anonymous_1)","decl":{"start":{"line":47,"column":17},"end":{"line":47,"column":18}},"loc":{"start":{"line":47,"column":37},"end":{"line":89,"column":1}},"line":47}},"branchMap":{"0":{"loc":{"start":{"line":12,"column":4},"end":{"line":17,"column":5}},"type":"if","locations":[{"start":{"line":12,"column":4},"end":{"line":17,"column":5}},{"start":{"line":15,"column":11},"end":{"line":17,"column":5}}],"line":12},"1":{"loc":{"start":{"line":12,"column":8},"end":{"line":13,"column":44}},"type":"binary-expr","locations":[{"start":{"line":12,"column":8},"end":{"line":12,"column":47}},{"start":{"line":13,"column":8},"end":{"line":13,"column":44}}],"line":12},"2":{"loc":{"start":{"line":51,"column":4},"end":{"line":56,"column":5}},"type":"if","locations":[{"start":{"line":51,"column":4},"end":{"line":56,"column":5}},{"start":{},"end":{}}],"line":51},"3":{"loc":{"start":{"line":58,"column":4},"end":{"line":63,"column":5}},"type":"if","locations":[{"start":{"line":58,"column":4},"end":{"line":63,"column":5}},{"start":{},"end":{}}],"line":58},"4":{"loc":{"start":{"line":70,"column":4},"end":{"line":75,"column":5}},"type":"if","locations":[{"start":{"line":70,"column":4},"end":{"line":75,"column":5}},{"start":{},"end":{}}],"line":70}},"s":{"0":4,"1":4,"2":4,"3":4,"4":4,"5":4,"6":4,"7":3,"8":1,"9":2,"10":3,"11":3,"12":3,"13":3,"14":2,"15":2,"16":1,"17":1,"18":4,"19":5,"20":5,"21":5,"22":1,"23":1,"24":4,"25":1,"26":1,"27":3,"28":3,"29":1,"30":1,"31":2,"32":2},"f":{"0":3,"1":5},"b":{"0":[1,2],"1":[3,2],"2":[1,4],"3":[1,3],"4":[1,2]},"_coverageSchema":"1a1c01bbd47fc00a2c39e90264f33305004495a9","hash":"38a2c606166db5ac1fe8fe0c195cbd60ae0d2551"}
,"C:\\Users\\Subhajit Dey\\OneDrive\\Desktop\\crm-app\\crm-app\\16. Testing CRM App 3(8th Jan 2023)\\controllers\\ticket.controller.js": {"path":"C:\\Users\\Subhajit Dey\\OneDrive\\Desktop\\crm-app\\crm-app\\16. Testing CRM App 3(8th Jan 2023)\\controllers\\ticket.controller.js","statementMap":{"0":{"start":{"line":1,"column":13},"end":{"line":1,"column":44}},"1":{"start":{"line":2,"column":15},"end":{"line":2,"column":48}},"2":{"start":{"line":3,"column":18},"end":{"line":3,"column":47}},"3":{"start":{"line":4,"column":24},"end":{"line":4,"column":59}},"4":{"start":{"line":5,"column":18},"end":{"line":5,"column":66}},"5":{"start":{"line":7,"column":0},"end":{"line":50,"column":1}},"6":{"start":{"line":8,"column":25},"end":{"line":14,"column":5}},"7":{"start":{"line":15,"column":21},"end":{"line":18,"column":6}},"8":{"start":{"line":20,"column":4},"end":{"line":20,"column":43}},"9":{"start":{"line":22,"column":4},"end":{"line":49,"column":5}},"10":{"start":{"line":23,"column":23},"end":{"line":23,"column":56}},"11":{"start":{"line":25,"column":8},"end":{"line":43,"column":9}},"12":{"start":{"line":26,"column":25},"end":{"line":28,"column":14}},"13":{"start":{"line":29,"column":12},"end":{"line":29,"column":48}},"14":{"start":{"line":30,"column":12},"end":{"line":30,"column":29}},"15":{"start":{"line":32,"column":12},"end":{"line":32,"column":53}},"16":{"start":{"line":33,"column":12},"end":{"line":33,"column":33}},"17":{"start":{"line":35,"column":12},"end":{"line":40,"column":13}},"18":{"start":{"line":42,"column":12},"end":{"line":42,"column":72}},"19":{"start":{"line":45,"column":8},"end":{"line":45,"column":77}},"20":{"start":{"line":46,"column":8},"end":{"line":48,"column":10}},"21":{"start":{"line":52,"column":18},"end":{"line":56,"column":1}},"22":{"start":{"line":53,"column":1},"end":{"line":55,"column":50}},"23":{"start":{"line":58,"column":0},"end":{"line":107,"column":1}},"24":{"start":{"line":59,"column":19},"end":{"line":59,"column":61}},"25":{"start":{"line":61,"column":22},"end":{"line":63,"column":6}},"26":{"start":{"line":66,"column":4},"end":{"line":106,"column":5}},"27":{"start":{"line":67,"column":7},"end":{"line":69,"column":36}},"28":{"start":{"line":70,"column":7},"end":{"line":72,"column":42}},"29":{"start":{"line":73,"column":8},"end":{"line":75,"column":46}},"30":{"start":{"line":76,"column":8},"end":{"line":78,"column":39}},"31":{"start":{"line":79,"column":9},"end":{"line":81,"column":42}},"32":{"start":{"line":82,"column":10},"end":{"line":82,"column":29}},"33":{"start":{"line":84,"column":27},"end":{"line":86,"column":12}},"34":{"start":{"line":88,"column":27},"end":{"line":90,"column":12}},"35":{"start":{"line":92,"column":10},"end":{"line":97,"column":13}},"36":{"start":{"line":99,"column":10},"end":{"line":99,"column":70}},"37":{"start":{"line":102,"column":8},"end":{"line":102,"column":90}},"38":{"start":{"line":103,"column":8},"end":{"line":105,"column":10}},"39":{"start":{"line":109,"column":0},"end":{"line":134,"column":1}},"40":{"start":{"line":116,"column":20},"end":{"line":116,"column":22}},"41":{"start":{"line":118,"column":4},"end":{"line":120,"column":5}},"42":{"start":{"line":119,"column":8},"end":{"line":119,"column":42}},"43":{"start":{"line":122,"column":22},"end":{"line":122,"column":69}},"44":{"start":{"line":124,"column":4},"end":{"line":130,"column":5}},"45":{"start":{"line":126,"column":11},"end":{"line":130,"column":5}},"46":{"start":{"line":127,"column":8},"end":{"line":127,"column":44}},"47":{"start":{"line":129,"column":8},"end":{"line":129,"column":44}},"48":{"start":{"line":132,"column":20},"end":{"line":132,"column":47}},"49":{"start":{"line":133,"column":4},"end":{"line":133,"column":69}},"50":{"start":{"line":139,"column":0},"end":{"line":145,"column":1}},"51":{"start":{"line":140,"column":19},"end":{"line":142,"column":6}},"52":{"start":{"line":144,"column":4},"end":{"line":144,"column":64}}},"fnMap":{"0":{"name":"(anonymous_0)","decl":{"start":{"line":7,"column":23},"end":{"line":7,"column":24}},"loc":{"start":{"line":7,"column":43},"end":{"line":50,"column":1}},"line":7},"1":{"name":"(anonymous_1)","decl":{"start":{"line":52,"column":18},"end":{"line":52,"column":19}},"loc":{"start":{"line":52,"column":36},"end":{"line":56,"column":1}},"line":52},"2":{"name":"(anonymous_2)","decl":{"start":{"line":58,"column":23},"end":{"line":58,"column":24}},"loc":{"start":{"line":58,"column":43},"end":{"line":107,"column":1}},"line":58},"3":{"name":"(anonymous_3)","decl":{"start":{"line":109,"column":24},"end":{"line":109,"column":25}},"loc":{"start":{"line":109,"column":44},"end":{"line":134,"column":1}},"line":109},"4":{"name":"(anonymous_4)","decl":{"start":{"line":139,"column":23},"end":{"line":139,"column":24}},"loc":{"start":{"line":139,"column":43},"end":{"line":145,"column":1}},"line":139}},"branchMap":{"0":{"loc":{"start":{"line":25,"column":8},"end":{"line":43,"column":9}},"type":"if","locations":[{"start":{"line":25,"column":8},"end":{"line":43,"column":9}},{"start":{},"end":{}}],"line":25},"1":{"loc":{"start":{"line":53,"column":8},"end":{"line":55,"column":50}},"type":"binary-expr","locations":[{"start":{"line":53,"column":8},"end":{"line":53,"column":38}},{"start":{"line":54,"column":8},"end":{"line":54,"column":38}},{"start":{"line":55,"column":8},"end":{"line":55,"column":50}}],"line":53},"2":{"loc":{"start":{"line":66,"column":4},"end":{"line":106,"column":5}},"type":"if","locations":[{"start":{"line":66,"column":4},"end":{"line":106,"column":5}},{"start":{"line":101,"column":17},"end":{"line":106,"column":5}}],"line":66},"3":{"loc":{"start":{"line":67,"column":7},"end":{"line":69,"column":36}},"type":"cond-expr","locations":[{"start":{"line":68,"column":24},"end":{"line":68,"column":38}},{"start":{"line":69,"column":24},"end":{"line":69,"column":36}}],"line":67},"4":{"loc":{"start":{"line":70,"column":28},"end":{"line":72,"column":42}},"type":"cond-expr","locations":[{"start":{"line":71,"column":24},"end":{"line":71,"column":44}},{"start":{"line":72,"column":24},"end":{"line":72,"column":42}}],"line":70},"5":{"loc":{"start":{"line":73,"column":32},"end":{"line":75,"column":46}},"type":"cond-expr","locations":[{"start":{"line":74,"column":25},"end":{"line":74,"column":47}},{"start":{"line":75,"column":25},"end":{"line":75,"column":46}}],"line":73},"6":{"loc":{"start":{"line":76,"column":24},"end":{"line":78,"column":39}},"type":"cond-expr","locations":[{"start":{"line":77,"column":26},"end":{"line":77,"column":41}},{"start":{"line":78,"column":26},"end":{"line":78,"column":39}}],"line":76},"7":{"loc":{"start":{"line":79,"column":27},"end":{"line":81,"column":42}},"type":"cond-expr","locations":[{"start":{"line":80,"column":27},"end":{"line":80,"column":44}},{"start":{"line":81,"column":27},"end":{"line":81,"column":42}}],"line":79},"8":{"loc":{"start":{"line":118,"column":4},"end":{"line":120,"column":5}},"type":"if","locations":[{"start":{"line":118,"column":4},"end":{"line":120,"column":5}},{"start":{},"end":{}}],"line":118},"9":{"loc":{"start":{"line":124,"column":4},"end":{"line":130,"column":5}},"type":"if","locations":[{"start":{"line":124,"column":4},"end":{"line":130,"column":5}},{"start":{"line":126,"column":11},"end":{"line":130,"column":5}}],"line":124},"10":{"loc":{"start":{"line":126,"column":11},"end":{"line":130,"column":5}},"type":"if","locations":[{"start":{"line":126,"column":11},"end":{"line":130,"column":5}},{"start":{"line":128,"column":11},"end":{"line":130,"column":5}}],"line":126}},"s":{"0":4,"1":4,"2":4,"3":4,"4":4,"5":4,"6":3,"7":3,"8":3,"9":3,"10":3,"11":2,"12":2,"13":2,"14":2,"15":2,"16":2,"17":2,"18":2,"19":1,"20":1,"21":4,"22":3,"23":4,"24":3,"25":3,"26":3,"27":2,"28":2,"29":2,"30":2,"31":2,"32":2,"33":2,"34":2,"35":2,"36":2,"37":1,"38":1,"39":4,"40":3,"41":3,"42":2,"43":3,"44":3,"45":2,"46":1,"47":1,"48":3,"49":3,"50":4,"51":2,"52":2},"f":{"0":3,"1":3,"2":3,"3":3,"4":2},"b":{"0":[2,0],"1":[3,1,1],"2":[2,1],"3":[2,0],"4":[2,0],"5":[0,2],"6":[2,0],"7":[2,0],"8":[2,1],"9":[1,2],"10":[1,1]},"_coverageSchema":"1a1c01bbd47fc00a2c39e90264f33305004495a9","hash":"2ba7a5761725a16f9c79076c4066b527fcd8d43e"}
,"C:\\Users\\Subhajit Dey\\OneDrive\\Desktop\\crm-app\\crm-app\\16. Testing CRM App 3(8th Jan 2023)\\controllers\\user.controller.js": {"path":"C:\\Users\\Subhajit Dey\\OneDrive\\Desktop\\crm-app\\crm-app\\16. Testing CRM App 3(8th Jan 2023)\\controllers\\user.controller.js","statementMap":{"0":{"start":{"line":6,"column":13},"end":{"line":6,"column":44}},"1":{"start":{"line":7,"column":24},"end":{"line":7,"column":59}},"2":{"start":{"line":9,"column":17},"end":{"line":21,"column":1}},"3":{"start":{"line":11,"column":4},"end":{"line":19,"column":5}},"4":{"start":{"line":12,"column":8},"end":{"line":12,"column":33}},"5":{"start":{"line":13,"column":8},"end":{"line":13,"column":20}},"6":{"start":{"line":15,"column":5},"end":{"line":15,"column":50}},"7":{"start":{"line":16,"column":5},"end":{"line":18,"column":7}},"8":{"start":{"line":23,"column":20},"end":{"line":37,"column":1}},"9":{"start":{"line":25,"column":4},"end":{"line":35,"column":5}},"10":{"start":{"line":26,"column":8},"end":{"line":28,"column":11}},"11":{"start":{"line":29,"column":8},"end":{"line":29,"column":20}},"12":{"start":{"line":31,"column":8},"end":{"line":31,"column":81}},"13":{"start":{"line":32,"column":8},"end":{"line":34,"column":10}},"14":{"start":{"line":39,"column":29},"end":{"line":54,"column":1}},"15":{"start":{"line":41,"column":4},"end":{"line":52,"column":5}},"16":{"start":{"line":42,"column":8},"end":{"line":45,"column":11}},"17":{"start":{"line":46,"column":8},"end":{"line":46,"column":20}},"18":{"start":{"line":48,"column":8},"end":{"line":48,"column":118}},"19":{"start":{"line":49,"column":8},"end":{"line":51,"column":10}},"20":{"start":{"line":56,"column":20},"end":{"line":70,"column":1}},"21":{"start":{"line":58,"column":4},"end":{"line":68,"column":5}},"22":{"start":{"line":59,"column":8},"end":{"line":61,"column":11}},"23":{"start":{"line":62,"column":8},"end":{"line":62,"column":20}},"24":{"start":{"line":64,"column":8},"end":{"line":64,"column":84}},"25":{"start":{"line":65,"column":8},"end":{"line":67,"column":10}},"26":{"start":{"line":72,"column":22},"end":{"line":86,"column":1}},"27":{"start":{"line":74,"column":4},"end":{"line":84,"column":5}},"28":{"start":{"line":75,"column":8},"end":{"line":77,"column":11}},"29":{"start":{"line":78,"column":8},"end":{"line":78,"column":20}},"30":{"start":{"line":80,"column":8},"end":{"line":80,"column":86}},"31":{"start":{"line":81,"column":8},"end":{"line":83,"column":10}},"32":{"start":{"line":90,"column":0},"end":{"line":109,"column":1}},"33":{"start":{"line":92,"column":21},"end":{"line":92,"column":39}},"34":{"start":{"line":93,"column":23},"end":{"line":93,"column":43}},"35":{"start":{"line":94,"column":21},"end":{"line":94,"column":35}},"36":{"start":{"line":95,"column":0},"end":{"line":105,"column":1}},"37":{"start":{"line":96,"column":7},"end":{"line":96,"column":50}},"38":{"start":{"line":97,"column":7},"end":{"line":105,"column":1}},"39":{"start":{"line":98,"column":4},"end":{"line":98,"column":71}},"40":{"start":{"line":99,"column":7},"end":{"line":105,"column":1}},"41":{"start":{"line":100,"column":4},"end":{"line":100,"column":47}},"42":{"start":{"line":101,"column":7},"end":{"line":105,"column":1}},"43":{"start":{"line":102,"column":1},"end":{"line":102,"column":48}},"44":{"start":{"line":104,"column":4},"end":{"line":104,"column":31}},"45":{"start":{"line":106,"column":0},"end":{"line":108,"column":2}},"46":{"start":{"line":107,"column":4},"end":{"line":107,"column":61}},"47":{"start":{"line":111,"column":0},"end":{"line":130,"column":1}},"48":{"start":{"line":112,"column":20},"end":{"line":112,"column":37}},"49":{"start":{"line":114,"column":2},"end":{"line":129,"column":3}},"50":{"start":{"line":115,"column":4},"end":{"line":117,"column":6}},"51":{"start":{"line":118,"column":4},"end":{"line":124,"column":7}},"52":{"start":{"line":119,"column":8},"end":{"line":119,"column":64}},"53":{"start":{"line":121,"column":8},"end":{"line":123,"column":10}},"54":{"start":{"line":126,"column":4},"end":{"line":128,"column":6}},"55":{"start":{"line":132,"column":0},"end":{"line":155,"column":5}},"56":{"start":{"line":133,"column":20},"end":{"line":133,"column":37}},"57":{"start":{"line":134,"column":2},"end":{"line":154,"column":8}},"58":{"start":{"line":135,"column":20},"end":{"line":139,"column":16}},"59":{"start":{"line":140,"column":7},"end":{"line":148,"column":9}},"60":{"start":{"line":141,"column":8},"end":{"line":143,"column":13}},"61":{"start":{"line":145,"column":8},"end":{"line":147,"column":12}},"62":{"start":{"line":150,"column":8},"end":{"line":150,"column":67}},"63":{"start":{"line":151,"column":8},"end":{"line":153,"column":10}}},"fnMap":{"0":{"name":"(anonymous_0)","decl":{"start":{"line":9,"column":17},"end":{"line":9,"column":18}},"loc":{"start":{"line":9,"column":32},"end":{"line":21,"column":1}},"line":9},"1":{"name":"(anonymous_1)","decl":{"start":{"line":23,"column":20},"end":{"line":23,"column":21}},"loc":{"start":{"line":23,"column":47},"end":{"line":37,"column":1}},"line":23},"2":{"name":"(anonymous_2)","decl":{"start":{"line":39,"column":29},"end":{"line":39,"column":30}},"loc":{"start":{"line":39,"column":72},"end":{"line":54,"column":1}},"line":39},"3":{"name":"(anonymous_3)","decl":{"start":{"line":56,"column":20},"end":{"line":56,"column":21}},"loc":{"start":{"line":56,"column":48},"end":{"line":70,"column":1}},"line":56},"4":{"name":"(anonymous_4)","decl":{"start":{"line":72,"column":22},"end":{"line":72,"column":23}},"loc":{"start":{"line":72,"column":52},"end":{"line":86,"column":1}},"line":72},"5":{"name":"(anonymous_5)","decl":{"start":{"line":90,"column":19},"end":{"line":90,"column":20}},"loc":{"start":{"line":90,"column":39},"end":{"line":109,"column":1}},"line":90},"6":{"name":"(anonymous_6)","decl":{"start":{"line":111,"column":19},"end":{"line":111,"column":20}},"loc":{"start":{"line":111,"column":39},"end":{"line":130,"column":1}},"line":111},"7":{"name":"(anonymous_7)","decl":{"start":{"line":132,"column":17},"end":{"line":132,"column":18}},"loc":{"start":{"line":132,"column":37},"end":{"line":155,"column":5}},"line":132}},"branchMap":{"0":{"loc":{"start":{"line":95,"column":0},"end":{"line":105,"column":1}},"type":"if","locations":[{"start":{"line":95,"column":0},"end":{"line":105,"column":1}},{"start":{"line":97,"column":7},"end":{"line":105,"column":1}}],"line":95},"1":{"loc":{"start":{"line":97,"column":7},"end":{"line":105,"column":1}},"type":"if","locations":[{"start":{"line":97,"column":7},"end":{"line":105,"column":1}},{"start":{"line":99,"column":7},"end":{"line":105,"column":1}}],"line":97},"2":{"loc":{"start":{"line":97,"column":11},"end":{"line":97,"column":39}},"type":"binary-expr","locations":[{"start":{"line":97,"column":11},"end":{"line":97,"column":22}},{"start":{"line":97,"column":26},"end":{"line":97,"column":39}}],"line":97},"3":{"loc":{"start":{"line":99,"column":7},"end":{"line":105,"column":1}},"type":"if","locations":[{"start":{"line":99,"column":7},"end":{"line":105,"column":1}},{"start":{"line":101,"column":7},"end":{"line":105,"column":1}}],"line":99},"4":{"loc":{"start":{"line":101,"column":7},"end":{"line":105,"column":1}},"type":"if","locations":[{"start":{"line":101,"column":7},"end":{"line":105,"column":1}},{"start":{"line":103,"column":7},"end":{"line":105,"column":1}}],"line":101},"5":{"loc":{"start":{"line":106,"column":0},"end":{"line":108,"column":2}},"type":"if","locations":[{"start":{"line":106,"column":0},"end":{"line":108,"column":2}},{"start":{},"end":{}}],"line":106},"6":{"loc":{"start":{"line":118,"column":4},"end":{"line":124,"column":7}},"type":"if","locations":[{"start":{"line":118,"column":4},"end":{"line":124,"column":7}},{"start":{"line":120,"column":12},"end":{"line":124,"column":7}}],"line":118},"7":{"loc":{"start":{"line":140,"column":7},"end":{"line":148,"column":9}},"type":"if","locations":[{"start":{"line":140,"column":7},"end":{"line":148,"column":9}},{"start":{"line":144,"column":14},"end":{"line":148,"column":9}}],"line":140}},"s":{"0":4,"1":4,"2":4,"3":2,"4":2,"5":1,"6":1,"7":1,"8":4,"9":2,"10":2,"11":1,"12":1,"13":1,"14":4,"15":2,"16":2,"17":1,"18":1,"19":1,"20":4,"21":3,"22":3,"23":2,"24":1,"25":1,"26":4,"27":2,"28":2,"29":1,"30":1,"31":1,"32":4,"33":11,"34":11,"35":11,"36":11,"37":2,"38":9,"39":2,"40":7,"41":3,"42":4,"43":2,"44":2,"45":11,"46":6,"47":4,"48":4,"49":4,"50":4,"51":4,"52":3,"53":1,"54":1,"55":4,"56":4,"57":4,"58":4,"59":3,"60":2,"61":1,"62":1,"63":1},"f":{"0":2,"1":2,"2":2,"3":3,"4":2,"5":11,"6":4,"7":4},"b":{"0":[2,9],"1":[2,7],"2":[9,5],"3":[3,4],"4":[2,2],"5":[6,5],"6":[3,1],"7":[2,1]},"_coverageSchema":"1a1c01bbd47fc00a2c39e90264f33305004495a9","hash":"29c1a2b07859ea8215a83fe831e080e6261596e3"}
,"C:\\Users\\Subhajit Dey\\OneDrive\\Desktop\\crm-app\\crm-app\\16. Testing CRM App 3(8th Jan 2023)\\middlewares\\authjwt.js": {"path":"C:\\Users\\Subhajit Dey\\OneDrive\\Desktop\\crm-app\\crm-app\\16. Testing CRM App 3(8th Jan 2023)\\middlewares\\authjwt.js","statementMap":{"0":{"start":{"line":1,"column":12},"end":{"line":1,"column":35}},"1":{"start":{"line":2,"column":19},"end":{"line":2,"column":52}},"2":{"start":{"line":3,"column":18},"end":{"line":3,"column":47}},"3":{"start":{"line":4,"column":13},"end":{"line":4,"column":44}},"4":{"start":{"line":6,"column":20},"end":{"line":27,"column":1}},"5":{"start":{"line":8,"column":16},"end":{"line":8,"column":45}},"6":{"start":{"line":10,"column":4},"end":{"line":14,"column":5}},"7":{"start":{"line":11,"column":8},"end":{"line":13,"column":10}},"8":{"start":{"line":16,"column":4},"end":{"line":25,"column":10}},"9":{"start":{"line":18,"column":9},"end":{"line":22,"column":10}},"10":{"start":{"line":19,"column":12},"end":{"line":21,"column":14}},"11":{"start":{"line":23,"column":9},"end":{"line":23,"column":41}},"12":{"start":{"line":24,"column":9},"end":{"line":24,"column":15}},"13":{"start":{"line":29,"column":18},"end":{"line":42,"column":2}},"14":{"start":{"line":30,"column":16},"end":{"line":32,"column":5}},"15":{"start":{"line":34,"column":3},"end":{"line":41,"column":4}},"16":{"start":{"line":35,"column":4},"end":{"line":35,"column":11}},"17":{"start":{"line":37,"column":4},"end":{"line":39,"column":6}},"18":{"start":{"line":40,"column":4},"end":{"line":40,"column":11}},"19":{"start":{"line":44,"column":0},"end":{"line":47,"column":1}}},"fnMap":{"0":{"name":"(anonymous_0)","decl":{"start":{"line":6,"column":20},"end":{"line":6,"column":21}},"loc":{"start":{"line":6,"column":40},"end":{"line":27,"column":1}},"line":6},"1":{"name":"(anonymous_1)","decl":{"start":{"line":17,"column":8},"end":{"line":17,"column":9}},"loc":{"start":{"line":17,"column":25},"end":{"line":25,"column":9}},"line":17},"2":{"name":"(anonymous_2)","decl":{"start":{"line":29,"column":18},"end":{"line":29,"column":19}},"loc":{"start":{"line":29,"column":43},"end":{"line":42,"column":2}},"line":29}},"branchMap":{"0":{"loc":{"start":{"line":10,"column":4},"end":{"line":14,"column":5}},"type":"if","locations":[{"start":{"line":10,"column":4},"end":{"line":14,"column":5}},{"start":{},"end":{}}],"line":10},"1":{"loc":{"start":{"line":18,"column":9},"end":{"line":22,"column":10}},"type":"if","locations":[{"start":{"line":18,"column":9},"end":{"line":22,"column":10}},{"start":{},"end":{}}],"line":18},"2":{"loc":{"start":{"line":34,"column":3},"end":{"line":41,"column":4}},"type":"if","locations":[{"start":{"line":34,"column":3},"end":{"line":41,"column":4}},{"start":{"line":36,"column":9},"end":{"line":41,"column":4}}],"line":34},"3":{"loc":{"start":{"line":34,"column":6},"end":{"line":34,"column":56}},"type":"binary-expr","locations":[{"start":{"line":34,"column":6},"end":{"line":34,"column":10}},{"start":{"line":34,"column":14},"end":{"line":34,"column":56}}],"line":34}},"s":{"0":3,"1":3,"2":3,"3":3,"4":3,"5":7,"6":7,"7":0,"8":7,"9":7,"10":0,"11":7,"12":7,"13":3,"14":3,"15":3,"16":3,"17":0,"18":0,"19":3},"f":{"0":7,"1":7,"2":3},"b":{"0":[0,7],"1":[0,7],"2":[3,0],"3":[3,3]},"_coverageSchema":"1a1c01bbd47fc00a2c39e90264f33305004495a9","hash":"4597367614a9952a88e58800a542a0c6af757960"}
,"C:\\Users\\Subhajit Dey\\OneDrive\\Desktop\\crm-app\\crm-app\\16. Testing CRM App 3(8th Jan 2023)\\models\\ticket.model.js": {"path":"C:\\Users\\Subhajit Dey\\OneDrive\\Desktop\\crm-app\\crm-app\\16. Testing CRM App 3(8th Jan 2023)\\models\\ticket.model.js","statementMap":{"0":{"start":{"line":1,"column":17},"end":{"line":1,"column":36}},"1":{"start":{"line":2,"column":24},"end":{"line":2,"column":53}},"2":{"start":{"line":4,"column":21},"end":{"line":38,"column":2}},"3":{"start":{"line":32,"column":23},"end":{"line":32,"column":33}},"4":{"start":{"line":36,"column":23},"end":{"line":36,"column":33}},"5":{"start":{"line":40,"column":0},"end":{"line":40,"column":55}}},"fnMap":{"0":{"name":"(anonymous_0)","decl":{"start":{"line":32,"column":17},"end":{"line":32,"column":18}},"loc":{"start":{"line":32,"column":23},"end":{"line":32,"column":33}},"line":32},"1":{"name":"(anonymous_1)","decl":{"start":{"line":36,"column":17},"end":{"line":36,"column":18}},"loc":{"start":{"line":36,"column":23},"end":{"line":36,"column":33}},"line":36}},"branchMap":{},"s":{"0":4,"1":4,"2":4,"3":1,"4":1,"5":4},"f":{"0":1,"1":1},"b":{},"_coverageSchema":"1a1c01bbd47fc00a2c39e90264f33305004495a9","hash":"af1b960e087067becb14234bdb1d5045f72bd133"}
,"C:\\Users\\Subhajit Dey\\OneDrive\\Desktop\\crm-app\\crm-app\\16. Testing CRM App 3(8th Jan 2023)\\models\\user.model.js": {"path":"C:\\Users\\Subhajit Dey\\OneDrive\\Desktop\\crm-app\\crm-app\\16. Testing CRM App 3(8th Jan 2023)\\models\\user.model.js","statementMap":{"0":{"start":{"line":1,"column":17},"end":{"line":1,"column":36}},"1":{"start":{"line":3,"column":19},"end":{"line":51,"column":2}},"2":{"start":{"line":27,"column":23},"end":{"line":27,"column":33}},"3":{"start":{"line":31,"column":23},"end":{"line":31,"column":33}},"4":{"start":{"line":53,"column":0},"end":{"line":53,"column":51}}},"fnMap":{"0":{"name":"(anonymous_0)","decl":{"start":{"line":27,"column":17},"end":{"line":27,"column":18}},"loc":{"start":{"line":27,"column":23},"end":{"line":27,"column":33}},"line":27},"1":{"name":"(anonymous_1)","decl":{"start":{"line":31,"column":17},"end":{"line":31,"column":18}},"loc":{"start":{"line":31,"column":23},"end":{"line":31,"column":33}},"line":31}},"branchMap":{},"s":{"0":6,"1":6,"2":7,"3":7,"4":6},"f":{"0":7,"1":7},"b":{},"_coverageSchema":"1a1c01bbd47fc00a2c39e90264f33305004495a9","hash":"5236e9b4854ed04635a7cf341cb88113e1d5efaa"}
,"C:\\Users\\Subhajit Dey\\OneDrive\\Desktop\\crm-app\\crm-app\\16. Testing CRM App 3(8th Jan 2023)\\routes\\auth.routes.js": {"path":"C:\\Users\\Subhajit Dey\\OneDrive\\Desktop\\crm-app\\crm-app\\16. Testing CRM App 3(8th Jan 2023)\\routes\\auth.routes.js","statementMap":{"0":{"start":{"line":1,"column":23},"end":{"line":1,"column":64}},"1":{"start":{"line":3,"column":0},"end":{"line":9,"column":1}},"2":{"start":{"line":5,"column":4},"end":{"line":5,"column":60}},"3":{"start":{"line":7,"column":4},"end":{"line":7,"column":59}}},"fnMap":{"0":{"name":"(anonymous_0)","decl":{"start":{"line":3,"column":17},"end":{"line":3,"column":18}},"loc":{"start":{"line":3,"column":32},"end":{"line":9,"column":1}},"line":3}},"branchMap":{},"s":{"0":3,"1":3,"2":3,"3":3},"f":{"0":3},"b":{},"_coverageSchema":"1a1c01bbd47fc00a2c39e90264f33305004495a9","hash":"9f90824fdd7e4a5d556cfcc4c6170e524ac6b46e"}
,"C:\\Users\\Subhajit Dey\\OneDrive\\Desktop\\crm-app\\crm-app\\16. Testing CRM App 3(8th Jan 2023)\\routes\\ticket.routes.js": {"path":"C:\\Users\\Subhajit Dey\\OneDrive\\Desktop\\crm-app\\crm-app\\16. Testing CRM App 3(8th Jan 2023)\\routes\\ticket.routes.js","statementMap":{"0":{"start":{"line":1,"column":25},"end":{"line":1,"column":68}},"1":{"start":{"line":2,"column":16},"end":{"line":2,"column":49}},"2":{"start":{"line":4,"column":0},"end":{"line":17,"column":1}},"3":{"start":{"line":5,"column":4},"end":{"line":7,"column":38}},"4":{"start":{"line":8,"column":4},"end":{"line":10,"column":38}},"5":{"start":{"line":11,"column":4},"end":{"line":13,"column":39}},"6":{"start":{"line":14,"column":4},"end":{"line":16,"column":38}}},"fnMap":{"0":{"name":"(anonymous_0)","decl":{"start":{"line":4,"column":17},"end":{"line":4,"column":18}},"loc":{"start":{"line":4,"column":32},"end":{"line":17,"column":1}},"line":4}},"branchMap":{},"s":{"0":3,"1":3,"2":3,"3":3,"4":3,"5":3,"6":3},"f":{"0":3},"b":{},"_coverageSchema":"1a1c01bbd47fc00a2c39e90264f33305004495a9","hash":"b17d2a70d5a9a4392f5c48e4fc85eb993505724e"}
,"C:\\Users\\Subhajit Dey\\OneDrive\\Desktop\\crm-app\\crm-app\\16. Testing CRM App 3(8th Jan 2023)\\routes\\user.routes.js": {"path":"C:\\Users\\Subhajit Dey\\OneDrive\\Desktop\\crm-app\\crm-app\\16. Testing CRM App 3(8th Jan 2023)\\routes\\user.routes.js","statementMap":{"0":{"start":{"line":1,"column":16},"end":{"line":1,"column":49}},"1":{"start":{"line":2,"column":23},"end":{"line":2,"column":64}},"2":{"start":{"line":4,"column":0},"end":{"line":16,"column":1}},"3":{"start":{"line":5,"column":4},"end":{"line":7,"column":28}},"4":{"start":{"line":8,"column":4},"end":{"line":11,"column":5}},"5":{"start":{"line":12,"column":4},"end":{"line":15,"column":5}}},"fnMap":{"0":{"name":"(anonymous_0)","decl":{"start":{"line":4,"column":17},"end":{"line":4,"column":18}},"loc":{"start":{"line":4,"column":32},"end":{"line":16,"column":1}},"line":4}},"branchMap":{},"s":{"0":3,"1":3,"2":3,"3":3,"4":3,"5":3},"f":{"0":3},"b":{},"_coverageSchema":"1a1c01bbd47fc00a2c39e90264f33305004495a9","hash":"56464b611ae6fca52a08ad730152d76600439768"}
,"C:\\Users\\Subhajit Dey\\OneDrive\\Desktop\\crm-app\\crm-app\\16. Testing CRM App 3(8th Jan 2023)\\tests\\db.js": {"path":"C:\\Users\\Subhajit Dey\\OneDrive\\Desktop\\crm-app\\crm-app\\16. Testing CRM App 3(8th Jan 2023)\\tests\\db.js","statementMap":{"0":{"start":{"line":1,"column":30},"end":{"line":1,"column":62}},"1":{"start":{"line":2,"column":17},"end":{"line":2,"column":36}},"2":{"start":{"line":6,"column":0},"end":{"line":16,"column":1}},"3":{"start":{"line":7,"column":4},"end":{"line":15,"column":5}},"4":{"start":{"line":8,"column":8},"end":{"line":8,"column":49}},"5":{"start":{"line":9,"column":20},"end":{"line":9,"column":35}},"6":{"start":{"line":10,"column":28},"end":{"line":13,"column":9}},"7":{"start":{"line":14,"column":8},"end":{"line":14,"column":48}},"8":{"start":{"line":18,"column":0},"end":{"line":22,"column":1}},"9":{"start":{"line":19,"column":4},"end":{"line":19,"column":44}},"10":{"start":{"line":20,"column":4},"end":{"line":20,"column":37}},"11":{"start":{"line":21,"column":4},"end":{"line":21,"column":34}},"12":{"start":{"line":21,"column":15},"end":{"line":21,"column":34}},"13":{"start":{"line":24,"column":0},"end":{"line":31,"column":1}},"14":{"start":{"line":25,"column":24},"end":{"line":25,"column":61}},"15":{"start":{"line":26,"column":4},"end":{"line":30,"column":5}},"16":{"start":{"line":27,"column":8},"end":{"line":27,"column":25}},"17":{"start":{"line":28,"column":27},"end":{"line":28,"column":44}},"18":{"start":{"line":29,"column":8},"end":{"line":29,"column":37}}},"fnMap":{"0":{"name":"(anonymous_0)","decl":{"start":{"line":6,"column":18},"end":{"line":6,"column":19}},"loc":{"start":{"line":6,"column":30},"end":{"line":16,"column":1}},"line":6},"1":{"name":"(anonymous_1)","decl":{"start":{"line":18,"column":24},"end":{"line":18,"column":25}},"loc":{"start":{"line":18,"column":36},"end":{"line":22,"column":1}},"line":18},"2":{"name":"(anonymous_2)","decl":{"start":{"line":24,"column":24},"end":{"line":24,"column":25}},"loc":{"start":{"line":24,"column":36},"end":{"line":31,"column":1}},"line":24}},"branchMap":{"0":{"loc":{"start":{"line":7,"column":4},"end":{"line":15,"column":5}},"type":"if","locations":[{"start":{"line":7,"column":4},"end":{"line":15,"column":5}},{"start":{},"end":{}}],"line":7},"1":{"loc":{"start":{"line":21,"column":4},"end":{"line":21,"column":34}},"type":"if","locations":[{"start":{"line":21,"column":4},"end":{"line":21,"column":34}},{"start":{},"end":{}}],"line":21}},"s":{"0":4,"1":4,"2":4,"3":1,"4":1,"5":1,"6":1,"7":1,"8":4,"9":4,"10":4,"11":4,"12":1,"13":4,"14":9,"15":9,"16":12,"17":12,"18":12},"f":{"0":1,"1":4,"2":9},"b":{"0":[1,0],"1":[1,3]},"_coverageSchema":"1a1c01bbd47fc00a2c39e90264f33305004495a9","hash":"09a58d29c905ce1275be3fae8639eb738150a3e1"}
,"C:\\Users\\Subhajit Dey\\OneDrive\\Desktop\\crm-app\\crm-app\\16. Testing CRM App 3(8th Jan 2023)\\tests\\interceptor.js": {"path":"C:\\Users\\Subhajit Dey\\OneDrive\\Desktop\\crm-app\\crm-app\\16. Testing CRM App 3(8th Jan 2023)\\tests\\interceptor.js","statementMap":{"0":{"start":{"line":1,"column":0},"end":{"line":15,"column":1}},"1":{"start":{"line":3,"column":20},"end":{"line":3,"column":22}},"2":{"start":{"line":4,"column":8},"end":{"line":4,"column":49}},"3":{"start":{"line":5,"column":8},"end":{"line":5,"column":51}},"4":{"start":{"line":6,"column":8},"end":{"line":6,"column":18}},"5":{"start":{"line":9,"column":20},"end":{"line":9,"column":22}},"6":{"start":{"line":10,"column":8},"end":{"line":10,"column":49}},"7":{"start":{"line":11,"column":8},"end":{"line":11,"column":51}},"8":{"start":{"line":12,"column":8},"end":{"line":12,"column":49}},"9":{"start":{"line":13,"column":8},"end":{"line":13,"column":18}}},"fnMap":{"0":{"name":"(anonymous_0)","decl":{"start":{"line":2,"column":17},"end":{"line":2,"column":18}},"loc":{"start":{"line":2,"column":23},"end":{"line":7,"column":5}},"line":2},"1":{"name":"(anonymous_1)","decl":{"start":{"line":8,"column":18},"end":{"line":8,"column":19}},"loc":{"start":{"line":8,"column":24},"end":{"line":14,"column":5}},"line":8}},"branchMap":{},"s":{"0":3,"1":29,"2":29,"3":29,"4":29,"5":29,"6":29,"7":29,"8":29,"9":29},"f":{"0":29,"1":29},"b":{},"_coverageSchema":"1a1c01bbd47fc00a2c39e90264f33305004495a9","hash":"cf19d8e45161ef1ce657c93b1b15112fb4ff3c7f"}
,"C:\\Users\\Subhajit Dey\\OneDrive\\Desktop\\crm-app\\crm-app\\16. Testing CRM App 3(8th Jan 2023)\\utils\\NotificationClient.js": {"path":"C:\\Users\\Subhajit Dey\\OneDrive\\Desktop\\crm-app\\crm-app\\16. Testing CRM App 3(8th Jan 2023)\\utils\\NotificationClient.js","statementMap":{"0":{"start":{"line":1,"column":15},"end":{"line":1,"column":49}},"1":{"start":{"line":3,"column":15},"end":{"line":3,"column":27}},"2":{"start":{"line":5,"column":0},"end":{"line":5,"column":23}},"3":{"start":{"line":6,"column":0},"end":{"line":27,"column":1}},"4":{"start":{"line":7,"column":18},"end":{"line":13,"column":5}},"5":{"start":{"line":15,"column":16},"end":{"line":18,"column":4}},"6":{"start":{"line":20,"column":3},"end":{"line":26,"column":4}},"7":{"start":{"line":23,"column":8},"end":{"line":23,"column":35}},"8":{"start":{"line":24,"column":8},"end":{"line":24,"column":25}}},"fnMap":{"0":{"name":"(anonymous_0)","decl":{"start":{"line":6,"column":20},"end":{"line":6,"column":21}},"loc":{"start":{"line":6,"column":73},"end":{"line":27,"column":1}},"line":6},"1":{"name":"(anonymous_1)","decl":{"start":{"line":22,"column":5},"end":{"line":22,"column":6}},"loc":{"start":{"line":22,"column":25},"end":{"line":25,"column":6}},"line":22}},"branchMap":{},"s":{"0":4,"1":4,"2":4,"3":4,"4":4,"5":4,"6":4,"7":4,"8":4},"f":{"0":4,"1":4},"b":{},"_coverageSchema":"1a1c01bbd47fc00a2c39e90264f33305004495a9","hash":"5cbc9d60b38ef569f65447e8b024115feb7c11f5"}
,"C:\\Users\\Subhajit Dey\\OneDrive\\Desktop\\crm-app\\crm-app\\16. Testing CRM App 3(8th Jan 2023)\\utils\\constants.js": {"path":"C:\\Users\\Subhajit Dey\\OneDrive\\Desktop\\crm-app\\crm-app\\16. Testing CRM App 3(8th Jan 2023)\\utils\\constants.js","statementMap":{"0":{"start":{"line":1,"column":0},"end":{"line":18,"column":1}}},"fnMap":{},"branchMap":{},"s":{"0":5},"f":{},"b":{},"_coverageSchema":"1a1c01bbd47fc00a2c39e90264f33305004495a9","hash":"97dac9573d8cf86312b7c065dabef245fa877f67"}
,"C:\\Users\\Subhajit Dey\\OneDrive\\Desktop\\crm-app\\crm-app\\16. Testing CRM App 3(8th Jan 2023)\\utils\\objectConverter.js": {"path":"C:\\Users\\Subhajit Dey\\OneDrive\\Desktop\\crm-app\\crm-app\\16. Testing CRM App 3(8th Jan 2023)\\utils\\objectConverter.js","statementMap":{"0":{"start":{"line":1,"column":0},"end":{"line":13,"column":3}},"1":{"start":{"line":2,"column":22},"end":{"line":2,"column":24}},"2":{"start":{"line":3,"column":4},"end":{"line":11,"column":5}},"3":{"start":{"line":4,"column":6},"end":{"line":10,"column":6}},"4":{"start":{"line":12,"column":2},"end":{"line":12,"column":20}},"5":{"start":{"line":15,"column":2},"end":{"line":27,"column":3}},"6":{"start":{"line":16,"column":4},"end":{"line":26,"column":5}},"7":{"start":{"line":29,"column":4},"end":{"line":34,"column":3}},"8":{"start":{"line":30,"column":24},"end":{"line":30,"column":26}},"9":{"start":{"line":31,"column":5},"end":{"line":32,"column":6}},"10":{"start":{"line":31,"column":36},"end":{"line":31,"column":92}},"11":{"start":{"line":33,"column":5},"end":{"line":33,"column":24}}},"fnMap":{"0":{"name":"(anonymous_0)","decl":{"start":{"line":1,"column":23},"end":{"line":1,"column":24}},"loc":{"start":{"line":1,"column":34},"end":{"line":13,"column":3}},"line":1},"1":{"name":"(anonymous_1)","decl":{"start":{"line":3,"column":18},"end":{"line":3,"column":19}},"loc":{"start":{"line":3,"column":26},"end":{"line":11,"column":3}},"line":3},"2":{"name":"(anonymous_2)","decl":{"start":{"line":15,"column":27},"end":{"line":15,"column":28}},"loc":{"start":{"line":15,"column":39},"end":{"line":27,"column":3}},"line":15},"3":{"name":"(anonymous_3)","decl":{"start":{"line":29,"column":33},"end":{"line":29,"column":34}},"loc":{"start":{"line":29,"column":46},"end":{"line":34,"column":3}},"line":29},"4":{"name":"(anonymous_4)","decl":{"start":{"line":31,"column":22},"end":{"line":31,"column":23}},"loc":{"start":{"line":31,"column":34},"end":{"line":31,"column":93}},"line":31}},"branchMap":{},"s":{"0":5,"1":9,"2":9,"3":9,"4":8,"5":5,"6":9,"7":5,"8":3,"9":3,"10":3,"11":3},"f":{"0":9,"1":9,"2":9,"3":3,"4":3},"b":{},"_coverageSchema":"1a1c01bbd47fc00a2c39e90264f33305004495a9","hash":"ecb3221fd259395f59d241ed5b5adf8d5827b81e"}
}
